[    0.000000] Initializing cgroup subsys cpuset
[    0.000000] Initializing cgroup subsys cpu
[    0.000000] Initializing cgroup subsys cpuacct
[    0.000000] Linux version 4.4.0-112-generic (buildd@lgw01-amd64-010) (gcc version 5.4.0 20160609 (Ubuntu 5.4.0-6ubuntu1~16.04.5) ) #135-Ubuntu SMP Fri Jan 19 11:48:36 UTC 2018 (Ubuntu 4.4.0-112.135-generic 4.4.98)
[    0.000000] Command line: BOOT_IMAGE=/boot/vmlinuz-4.4.0-112-generic root=LABEL=cloudimg-rootfs ro console=tty1 console=ttyS0
[    0.000000] KERNEL supported cpus:
[    0.000000]   Intel GenuineIntel
[    0.000000]   AMD AuthenticAMD
[    0.000000]   Centaur CentaurHauls
[    0.000000] x86/fpu: xstate_offset[2]:  576, xstate_sizes[2]:  256
[    0.000000] x86/fpu: Supporting XSAVE feature 0x01: 'x87 floating point registers'
[    0.000000] x86/fpu: Supporting XSAVE feature 0x02: 'SSE registers'
[    0.000000] x86/fpu: Supporting XSAVE feature 0x04: 'AVX registers'
[    0.000000] x86/fpu: Enabled xstate features 0x7, context size is 832 bytes, using 'standard' format.
[    0.000000] x86/fpu: Using 'lazy' FPU context switches.
[    0.000000] e820: BIOS-provided physical RAM map:
[    0.000000] BIOS-e820: [mem 0x0000000000000000-0x000000000009fbff] usable
[    0.000000] BIOS-e820: [mem 0x000000000009fc00-0x000000000009ffff] reserved
[    0.000000] BIOS-e820: [mem 0x00000000000f0000-0x00000000000fffff] reserved
[    0.000000] BIOS-e820: [mem 0x0000000000100000-0x000000001ffeffff] usable
[    0.000000] BIOS-e820: [mem 0x000000001fff0000-0x000000001fffffff] ACPI data
[    0.000000] BIOS-e820: [mem 0x00000000fec00000-0x00000000fec00fff] reserved
[    0.000000] BIOS-e820: [mem 0x00000000fee00000-0x00000000fee00fff] reserved
[    0.000000] BIOS-e820: [mem 0x00000000fffc0000-0x00000000ffffffff] reserved
[    0.000000] NX (Execute Disable) protection: active
[    0.000000] SMBIOS 2.5 present.
[    0.000000] Hypervisor detected: KVM
[    0.000000] e820: last_pfn = 0x1fff0 max_arch_pfn = 0x400000000
[    0.000000] MTRR: Disabled
[    0.000000] x86/PAT: MTRRs disabled, skipping PAT initialization too.
[    0.000000] CPU MTRRs all blank - virtualized system.
[    0.000000] x86/PAT: Configuration [0-7]: WB  WT  UC- UC  WB  WT  UC- UC  
[    0.000000] found SMP MP-table at [mem 0x0009fff0-0x0009ffff] mapped at [ffff88000009fff0]
[    0.000000] Scanning 1 areas for low memory corruption
[    0.000000] RAMDISK: [mem 0x1ecdc000-0x1f765fff]
[    0.000000] ACPI: Early table checksum verification disabled
[    0.000000] ACPI: RSDP 0x00000000000E0000 000024 (v02 VBOX  )
[    0.000000] ACPI: XSDT 0x000000001FFF0030 00003C (v01 VBOX   VBOXXSDT 00000001 ASL  00000061)
[    0.000000] ACPI: FACP 0x000000001FFF00F0 0000F4 (v04 VBOX   VBOXFACP 00000001 ASL  00000061)
[    0.000000] ACPI: DSDT 0x000000001FFF0470 0021FF (v02 VBOX   VBOXBIOS 00000002 INTL 20100528)
[    0.000000] ACPI: FACS 0x000000001FFF0200 000040
[    0.000000] ACPI: FACS 0x000000001FFF0200 000040
[    0.000000] ACPI: APIC 0x000000001FFF0240 000054 (v02 VBOX   VBOXAPIC 00000001 ASL  00000061)
[    0.000000] ACPI: SSDT 0x000000001FFF02A0 0001CC (v01 VBOX   VBOXCPUT 00000002 INTL 20100528)
[    0.000000] No NUMA configuration found
[    0.000000] Faking a node at [mem 0x0000000000000000-0x000000001ffeffff]
[    0.000000] NODE_DATA(0) allocated [mem 0x1ffeb000-0x1ffeffff]
[    0.000000] kvm-clock: Using msrs 4b564d01 and 4b564d00
[    0.000000] kvm-clock: cpu 0, msr 0:1ffe3001, primary cpu clock
[    0.000000] kvm-clock: using sched offset of 6598043308 cycles
[    0.000000] clocksource: kvm-clock: mask: 0xffffffffffffffff max_cycles: 0x1cd42e4dffb, max_idle_ns: 881590591483 ns
[    0.000000] Zone ranges:
[    0.000000]   DMA      [mem 0x0000000000001000-0x0000000000ffffff]
[    0.000000]   DMA32    [mem 0x0000000001000000-0x000000001ffeffff]
[    0.000000]   Normal   empty
[    0.000000]   Device   empty
[    0.000000] Movable zone start for each node
[    0.000000] Early memory node ranges
[    0.000000]   node   0: [mem 0x0000000000001000-0x000000000009efff]
[    0.000000]   node   0: [mem 0x0000000000100000-0x000000001ffeffff]
[    0.000000] Initmem setup node 0 [mem 0x0000000000001000-0x000000001ffeffff]
[    0.000000] ACPI: PM-Timer IO Port: 0x4008
[    0.000000] IOAPIC[0]: apic_id 1, version 32, address 0xfec00000, GSI 0-23
[    0.000000] ACPI: INT_SRC_OVR (bus 0 bus_irq 0 global_irq 2 dfl dfl)
[    0.000000] ACPI: INT_SRC_OVR (bus 0 bus_irq 9 global_irq 9 low level)
[    0.000000] Using ACPI (MADT) for SMP configuration information
[    0.000000] smpboot: Allowing 1 CPUs, 0 hotplug CPUs
[    0.000000] PM: Registered nosave memory: [mem 0x00000000-0x00000fff]
[    0.000000] PM: Registered nosave memory: [mem 0x0009f000-0x0009ffff]
[    0.000000] PM: Registered nosave memory: [mem 0x000a0000-0x000effff]
[    0.000000] PM: Registered nosave memory: [mem 0x000f0000-0x000fffff]
[    0.000000] e820: [mem 0x20000000-0xfebfffff] available for PCI devices
[    0.000000] Booting paravirtualized kernel on KVM
[    0.000000] clocksource: refined-jiffies: mask: 0xffffffff max_cycles: 0xffffffff, max_idle_ns: 7645519600211568 ns
[    0.000000] setup_percpu: NR_CPUS:512 nr_cpumask_bits:512 nr_cpu_ids:1 nr_node_ids:1
[    0.000000] PERCPU: Embedded 34 pages/cpu @ffff88001fc00000 s99544 r8192 d31528 u2097152
[    0.000000] PV qspinlock hash table entries: 256 (order: 0, 4096 bytes)
[    0.000000] Built 1 zonelists in Node order, mobility grouping on.  Total pages: 128889
[    0.000000] Policy zone: DMA32
[    0.000000] Kernel command line: BOOT_IMAGE=/boot/vmlinuz-4.4.0-112-generic root=LABEL=cloudimg-rootfs ro console=tty1 console=ttyS0
[    0.000000] PID hash table entries: 2048 (order: 2, 16384 bytes)
[    0.000000] Memory: 485796K/523832K available (8499K kernel code, 1309K rwdata, 3988K rodata, 1508K init, 1316K bss, 38036K reserved, 0K cma-reserved)
[    0.000000] SLUB: HWalign=64, Order=0-3, MinObjects=0, CPUs=1, Nodes=1
[    0.000000] Kernel/User page tables isolation: enabled
[    0.000000] Hierarchical RCU implementation.
[    0.000000] 	Build-time adjustment of leaf fanout to 64.
[    0.000000] 	RCU restricting CPUs from NR_CPUS=512 to nr_cpu_ids=1.
[    0.000000] RCU: Adjusting geometry for rcu_fanout_leaf=64, nr_cpu_ids=1
[    0.000000] NR_IRQS:33024 nr_irqs:256 16
[    0.000000] Console: colour VGA+ 80x25
[    0.000000] console [tty1] enabled
[    0.000000] console [ttyS0] enabled
[    0.000000] tsc: Detected 1396.830 MHz processor
[    4.754013] Calibrating delay loop (skipped) preset value.. 2793.66 BogoMIPS (lpj=5587320)
[    4.759023] pid_max: default: 32768 minimum: 301
[    4.761767] ACPI: Core revision 20150930
[    4.766473] ACPI: 2 ACPI AML tables successfully acquired and loaded
[    4.791659] Security Framework initialized
[    4.798492] Yama: becoming mindful.
[    4.801288] AppArmor: AppArmor initialized
[    4.805663] Dentry cache hash table entries: 65536 (order: 7, 524288 bytes)
[    4.812737] Inode-cache hash table entries: 32768 (order: 6, 262144 bytes)
[    4.819751] Mount-cache hash table entries: 1024 (order: 1, 8192 bytes)
[    4.823994] Mountpoint-cache hash table entries: 1024 (order: 1, 8192 bytes)
[    4.844233] Initializing cgroup subsys io
[    4.849488] Initializing cgroup subsys memory
[    4.852087] Initializing cgroup subsys devices
[    4.854655] Initializing cgroup subsys freezer
[    4.859454] Initializing cgroup subsys net_cls
[    4.862477] Initializing cgroup subsys perf_event
[    4.881918] Initializing cgroup subsys net_prio
[    4.894704] Initializing cgroup subsys hugetlb
[    4.899640] Initializing cgroup subsys pids
[    4.972460] CPU: Physical Processor ID: 0
[    5.066993] FEATURE SPEC_CTRL Not Present
[    5.194267] mce: CPU supports 0 MCE banks
[    5.243679] process: using mwait in idle threads
[    5.337171] Last level iTLB entries: 4KB 512, 2MB 8, 4MB 8
[    5.340420] Last level dTLB entries: 4KB 512, 2MB 32, 4MB 32, 1GB 0
[    5.523572] Freeing SMP alternatives memory: 32K
[    5.703712] ftrace: allocating 32180 entries in 126 pages
[    5.961856] smpboot: APIC(0) Converting physical 0 to logical package 0
[    5.996979] smpboot: Max logical packages: 1
[    6.010246] x2apic enabled
[    6.013462] Switched APIC routing to physical x2apic.
[    6.020931] ..TIMER: vector=0x30 apic1=0 pin1=2 apic2=-1 pin2=-1
[    6.135274] smpboot: CPU0: Intel(R) Core(TM) i3-2367M CPU @ 1.40GHz (family: 0x6, model: 0x2a, stepping: 0x7)
[    6.416865] Performance Events: unsupported p6 CPU model 42 no PMU driver, software events only.
[    6.618778] KVM setup paravirtual spinlock
[    6.705664] x86: Booted up 1 node, 1 CPUs
[    6.822654] smpboot: Total of 1 processors activated (2793.66 BogoMIPS)
[    6.969344] devtmpfs: initialized
[    7.080679] evm: security.selinux
[    7.096133] evm: security.SMACK64
[    7.098873] evm: security.SMACK64EXEC
[    7.102672] evm: security.SMACK64TRANSMUTE
[    7.106327] evm: security.SMACK64MMAP
[    7.108557] evm: security.ima
[    7.110418] evm: security.capability
[    7.112839] clocksource: jiffies: mask: 0xffffffff max_cycles: 0xffffffff, max_idle_ns: 7645041785100000 ns
[    7.118491] futex hash table entries: 256 (order: 2, 16384 bytes)
[    7.193625] pinctrl core: initialized pinctrl subsystem
[    7.207322] RTC time: 10:14:51, date: 02/18/18
[    7.213475] NET: Registered protocol family 16
[    7.217944] cpuidle: using governor ladder
[    7.229745] cpuidle: using governor menu
[    7.232070] PCCT header not found.
[    7.234884] ACPI: bus type PCI registered
[    7.238728] acpiphp: ACPI Hot Plug PCI Controller Driver version: 0.5
[    7.242446] PCI: Using configuration type 1 for base access
[    7.250589] ACPI: Added _OSI(Module Device)
[    7.258235] ACPI: Added _OSI(Processor Device)
[    7.269748] ACPI: Added _OSI(3.0 _SCP Extensions)
[    7.276575] ACPI: Added _OSI(Processor Aggregator Device)
[    7.287511] ACPI: Executed 1 blocks of module-level executable AML code
[    7.350272] ACPI: Interpreter enabled
[    7.443428] ACPI: (supports S0 S5)
[    7.500245] ACPI: Using IOAPIC for interrupt routing
[    7.503410] PCI: Using host bridge windows from ACPI; if necessary, use "pci=nocrs" and report a bug
[    7.516754] ACPI: PCI Root Bridge [PCI0] (domain 0000 [bus 00-ff])
[    7.519566] acpi PNP0A03:00: _OSC: OS supports [ASPM ClockPM Segments MSI]
[    7.524478] acpi PNP0A03:00: _OSC: not requesting OS control; OS requires [ExtendedConfig ASPM ClockPM MSI]
[    7.528862] acpi PNP0A03:00: fail to add MMCONFIG information, can't access extended PCI configuration space under this bridge.
[    7.534526] PCI host bridge to bus 0000:00
[    7.536584] pci_bus 0000:00: root bus resource [io  0x0000-0x0cf7 window]
[    7.539444] pci_bus 0000:00: root bus resource [io  0x0d00-0xffff window]
[    7.542398] pci_bus 0000:00: root bus resource [mem 0x000a0000-0x000bffff window]
[    7.545939] pci_bus 0000:00: root bus resource [mem 0x20000000-0xfdffffff window]
[    7.549493] pci_bus 0000:00: root bus resource [bus 00-ff]
[    7.670791] pci 0000:00:01.1: legacy IDE quirk: reg 0x10: [io  0x01f0-0x01f7]
[    7.792598] pci 0000:00:01.1: legacy IDE quirk: reg 0x14: [io  0x03f6]
[    7.940304] pci 0000:00:01.1: legacy IDE quirk: reg 0x18: [io  0x0170-0x0177]
[    8.177791] pci 0000:00:01.1: legacy IDE quirk: reg 0x1c: [io  0x0376]
[    8.313696] pci 0000:00:07.0: quirk: [io  0x4000-0x403f] claimed by PIIX4 ACPI
[    8.350743] pci 0000:00:07.0: quirk: [io  0x4100-0x410f] claimed by PIIX4 SMB
[    8.397010] ACPI: PCI Interrupt Link [LNKA] (IRQs 5 9 10 *11)
[    8.432594] ACPI: PCI Interrupt Link [LNKB] (IRQs 5 9 *10 11)
[    8.444050] ACPI: PCI Interrupt Link [LNKC] (IRQs 5 *9 10 11)
[    8.451996] ACPI: PCI Interrupt Link [LNKD] (IRQs 5 9 10 *11)
[    8.501466] ACPI: Enabled 2 GPEs in block 00 to 07
[    8.597252] vgaarb: setting as boot device: PCI:0000:00:02.0
[    8.736851] vgaarb: device added: PCI:0000:00:02.0,decodes=io+mem,owns=io+mem,locks=none
[    8.920347] vgaarb: loaded
[    8.987998] vgaarb: bridge control possible 0000:00:02.0
[    9.027798] SCSI subsystem initialized
[    9.053575] ACPI: bus type USB registered
[    9.172846] usbcore: registered new interface driver usbfs
[    9.292127] usbcore: registered new interface driver hub
[    9.339734] usbcore: registered new device driver usb
[    9.343410] PCI: Using ACPI for IRQ routing
[    9.346526] NetLabel: Initializing
[    9.384871] NetLabel:  domain hash size = 128
[    9.423069] NetLabel:  protocols = UNLABELED CIPSOv4
[    9.454227] NetLabel:  unlabeled traffic allowed by default
[    9.457579] amd_nb: Cannot enumerate AMD northbridges
[    9.460471] clocksource: Switched to clocksource kvm-clock
[    9.480053] AppArmor: AppArmor Filesystem Enabled
[    9.503260] pnp: PnP ACPI init
[    9.509317] pnp: PnP ACPI: found 3 devices
[    9.534773] clocksource: acpi_pm: mask: 0xffffff max_cycles: 0xffffff, max_idle_ns: 2085701024 ns
[    9.546080] NET: Registered protocol family 2
[    9.550074] TCP established hash table entries: 4096 (order: 3, 32768 bytes)
[    9.553944] TCP bind hash table entries: 4096 (order: 4, 65536 bytes)
[    9.557453] TCP: Hash tables configured (established 4096 bind 4096)
[    9.560894] UDP hash table entries: 256 (order: 1, 8192 bytes)
[    9.566084] UDP-Lite hash table entries: 256 (order: 1, 8192 bytes)
[    9.571243] NET: Registered protocol family 1
[    9.573900] pci 0000:00:00.0: Limiting direct PCI/PCI transfers
[    9.594685] pci 0000:00:01.0: Activating ISA DMA hang workarounds
[    9.603922] Unpacking initramfs...
[   13.612205] Freeing initrd memory: 10792K
[   13.703093] RAPL PMU detected, API unit is 2^-32 Joules, 3 fixed counters 10737418240 ms ovfl timer
[   13.844334] hw unit of domain pp0-core 2^-0 Joules
[   13.924482] hw unit of domain package 2^-0 Joules
[   14.037227] hw unit of domain pp1-gpu 2^-0 Joules
[   14.214284] platform rtc_cmos: registered platform RTC device (no PNP device found)
[   14.240222] Scanning for low memory corruption every 60 seconds
[   14.248729] audit: initializing netlink subsys (disabled)
[   14.256180] audit: type=2000 audit(1518948897.809:1): initialized
[   14.268366] Initialise system trusted keyring
[   14.273371] HugeTLB registered 2 MB page size, pre-allocated 0 pages
[   14.284686] zbud: loaded
[   14.301322] VFS: Disk quotas dquot_6.6.0
[   14.308953] VFS: Dquot-cache hash table entries: 512 (order 0, 4096 bytes)
[   14.318354] squashfs: version 4.0 (2009/01/31) Phillip Lougher
[   14.338825] fuse init (API version 7.23)
[   14.361063] Key type big_key registered
[   14.394196] Allocating IMA MOK and blacklist keyrings.
[   14.402722] Key type asymmetric registered
[   14.406154] Asymmetric key parser 'x509' registered
[   14.411572] Block layer SCSI generic (bsg) driver version 0.4 loaded (major 249)
[   14.417911] io scheduler noop registered
[   14.424307] io scheduler deadline registered (default)
[   14.428165] io scheduler cfq registered
[   14.432206] pci_hotplug: PCI Hot Plug PCI Core version: 0.5
[   14.436912] pciehp: PCI Express Hot Plug Controller Driver version: 0.4
[   14.446030] ACPI: AC Adapter [AC] (off-line)
[   14.448814] input: Power Button as /devices/LNXSYSTM:00/LNXPWRBN:00/input/input0
[   14.462769] ACPI: Power Button [PWRF]
[   14.474925] input: Sleep Button as /devices/LNXSYSTM:00/LNXSLPBN:00/input/input1
[   14.481716] ACPI: Sleep Button [SLPF]
[   14.488684] GHES: HEST is not enabled!
[   14.498871] ACPI: Battery Slot [BAT0] (battery present)
[   14.505692] Serial: 8250/16550 driver, 32 ports, IRQ sharing enabled
[   14.545135] 00:02: ttyS0 at I/O 0x3f8 (irq = 4, base_baud = 115200) is a 16550A
[   14.555117] Linux agpgart interface v0.103
[   14.562592] loop: module loaded
[   14.569328] scsi host0: ata_piix
[   14.574874] scsi host1: ata_piix
[   14.579284] ata1: PATA max UDMA/33 cmd 0x1f0 ctl 0x3f6 bmdma 0xd000 irq 14
[   14.586686] ata2: PATA max UDMA/33 cmd 0x170 ctl 0x376 bmdma 0xd008 irq 15
[   14.593770] libphy: Fixed MDIO Bus: probed
[   14.596514] tun: Universal TUN/TAP device driver, 1.6
[   14.603462] tun: (C) 1999-2004 Max Krasnyansky <maxk@qualcomm.com>
[   14.607334] PPP generic driver version 2.4.2
[   14.622381] ehci_hcd: USB 2.0 'Enhanced' Host Controller (EHCI) Driver
[   14.627260] ehci-pci: EHCI PCI platform driver
[   14.629874] ehci-platform: EHCI generic platform driver
[   14.632810] ohci_hcd: USB 1.1 'Open' Host Controller (OHCI) Driver
[   14.636227] ohci-pci: OHCI PCI platform driver
[   14.638983] ohci-platform: OHCI generic platform driver
[   14.646299] uhci_hcd: USB Universal Host Controller Interface driver
[   14.654454] i8042: PNP: PS/2 Controller [PNP0303:PS2K,PNP0f03:PS2M] at 0x60,0x64 irq 1,12
[   14.708834] serio: i8042 KBD port at 0x60,0x64 irq 1
[   14.711130] serio: i8042 AUX port at 0x60,0x64 irq 12
[   14.713640] mousedev: PS/2 mouse device common for all mice
[   14.716620] input: AT Translated Set 2 keyboard as /devices/platform/i8042/serio0/input/input2
[   14.723117] rtc_cmos rtc_cmos: rtc core: registered rtc_cmos as rtc0
[   14.725979] rtc_cmos rtc_cmos: alarms up to one day, 114 bytes nvram
[   14.730841] i2c /dev entries driver
[   14.732680] device-mapper: uevent: version 1.0.3
[   14.734939] device-mapper: ioctl: 4.34.0-ioctl (2015-10-28) initialised: dm-devel@redhat.com
[   14.754029] ledtrig-cpu: registered to indicate activity on CPUs
[   14.757259] NET: Registered protocol family 10
[   14.804932] NET: Registered protocol family 17
[   14.889682] Key type dns_resolver registered
[   14.925170] microcode: CPU0 sig=0x206a7, pf=0x10, revision=0x0
[   14.969092] microcode: Microcode Update Driver: v2.01 <tigran@aivazian.fsnet.co.uk>, Peter Oruba
[   15.107656] registered taskstats version 1
[   15.173155] Loading compiled-in X.509 certificates
[   15.291483] tsc: Refined TSC clocksource calibration: 1397.733 MHz
[   15.338320] clocksource: tsc: mask: 0xffffffffffffffff max_cycles: 0x1425c2d8ed3, max_idle_ns: 440795263089 ns
[   15.394629] Loaded X.509 cert 'Build time autogenerated kernel key: 4c603087bab8f0a02cb3b4e1fb4c40f507e71ef1'
[   15.593496] zswap: loaded using pool lzo/zbud
[   15.601750] Key type trusted registered
[   15.614478] Key type encrypted registered
[   15.641347] AppArmor: AppArmor sha1 policy hashing enabled
[   15.645078] ima: No TPM chip found, activating TPM-bypass!
[   15.650259] evm: HMAC attrs: 0x1
[   15.653358]   Magic number: 6:554:224
[   15.657567] rtc_cmos rtc_cmos: setting system clock to 2018-02-18 10:15:00 UTC (1518948900)
[   15.665038] BIOS EDD facility v0.16 2004-Jun-25, 0 devices found
[   15.671369] EDD information not available.
[   15.678442] Freeing unused kernel memory: 1508K
[   15.684767] Write protecting the kernel read-only data: 14336k
[   15.688976] Freeing unused kernel memory: 1728K
[   15.693457] Freeing unused kernel memory: 108K
Loading, please wait...
starting version 229
[   15.746650] random: systemd-udevd: uninitialized urandom read (16 bytes read, 4 bits of entropy available)
[   15.905570] random: udevadm: uninitialized urandom read (16 bytes read, 4 bits of entropy available)
[   16.039167] random: udevadm: uninitialized urandom read (16 bytes read, 4 bits of entropy available)
[   16.223238] random: systemd-udevd: uninitialized urandom read (16 bytes read, 4 bits of entropy available)
[   16.343765] random: systemd-udevd: uninitialized urandom read (16 bytes read, 4 bits of entropy available)
[   16.525993] random: udevadm: uninitialized urandom read (16 bytes read, 4 bits of entropy available)
[   16.604277] random: systemd-udevd: uninitialized urandom read (16 bytes read, 4 bits of entropy available)
[   16.746669] random: udevadm: uninitialized urandom read (16 bytes read, 4 bits of entropy available)
[   16.754083] random: udevadm: uninitialized urandom read (16 bytes read, 4 bits of entropy available)
[   16.759680] random: udevadm: uninitialized urandom read (16 bytes read, 4 bits of entropy available)
[   16.991784] Fusion MPT base driver 3.04.20
[   17.121427] Copyright (c) 1999-2008 LSI Corporation
[   17.264070] e1000: Intel(R) PRO/1000 Network Driver - version 7.3.21-k8-NAPI
[   17.341951] e1000: Copyright (c) 1999-2006 Intel Corporation.
[   17.587274] Fusion MPT SPI Host driver 3.04.20
[   17.687330] input: ImExPS/2 Generic Explorer Mouse as /devices/platform/i8042/serio1/input/input4
[   18.394941] e1000 0000:00:03.0 eth0: (PCI:33MHz:32-bit) 02:db:14:78:b4:e6
[   18.556503] e1000 0000:00:03.0 eth0: Intel(R) PRO/1000 Network Connection
[   18.727838] mptbase: ioc0: Initiating bringup
[   18.897582] ioc0: LSI53C1030 A0: Capabilities={Initiator}
[   19.161507] scsi host2: ioc0: LSI53C1030 A0, FwRev=00000000h, Ports=1, MaxQ=256, IRQ=20
[   19.289286] scsi 2:0:0:0: Direct-Access     VBOX     HARDDISK         1.0  PQ: 0 ANSI: 5
[   19.316667] scsi target2:0:0: Beginning Domain Validation
[   19.326566] scsi target2:0:0: Domain Validation skipping write tests
[   19.331507] scsi target2:0:0: Ending Domain Validation
[   19.334654] scsi target2:0:0: asynchronous
[   19.337830] scsi 2:0:1:0: Direct-Access     VBOX     HARDDISK         1.0  PQ: 0 ANSI: 5
[   19.344075] scsi target2:0:1: Beginning Domain Validation
[   19.422203] scsi target2:0:1: Domain Validation skipping write tests
[   19.557919] scsi target2:0:1: Ending Domain Validation
[   20.026633] scsi target2:0:1: asynchronous
[   20.198733] sd 2:0:0:0: Attached scsi generic sg0 type 0
[   20.365192] sd 2:0:0:0: [sda] 20971520 512-byte logical blocks: (10.7 GB/10.0 GiB)
[   20.376572] sd 2:0:0:0: [sda] Write Protect is off
[   20.382633] sd 2:0:1:0: [sdb] 20480 512-byte logical blocks: (10.5 MB/10.0 MiB)
[   20.405202] sd 2:0:1:0: Attached scsi generic sg1 type 0
[   20.464881] sd 2:0:0:0: [sda] Incomplete mode parameter data
[   20.470228] sd 2:0:0:0: [sda] Assuming drive cache: write through
[   20.474908] floppy0: no floppy controllers found
[   20.482507] sd 2:0:1:0: [sdb] Write Protect is off
[   20.487350] sd 2:0:1:0: [sdb] Incomplete mode parameter data
[   20.490979] sd 2:0:1:0: [sdb] Assuming drive cache: write through
[   20.508808] e1000 0000:00:08.0 eth1: (PCI:33MHz:32-bit) 08:00:27:ea:ad:7f
[   20.519883] e1000 0000:00:08.0 eth1: Intel(R) PRO/1000 Network Connection
[   20.539914]  sda: sda1
[   20.543656] sd 2:0:0:0: [sda] Attached SCSI disk
[   20.556338] e1000 0000:00:03.0 enp0s3: renamed from eth0
[   20.760209] sd 2:0:1:0: [sdb] Attached SCSI disk
[   20.950344] e1000 0000:00:08.0 enp0s8: renamed from eth1
Begin: Loading e[   22.742671] md: linear personality registered for level -1
ssential drivers[   22.875727] md: multipath personality registered for level -4
 ... [   22.892357] md: raid0 personality registered for level 0
[   22.982376] md: raid1 personality registered for level 1
[   23.073073] raid6: sse2x1   gen()  2534 MB/s
[   23.144516] raid6: sse2x1   xor()  2758 MB/s
[   23.336897] raid6: sse2x2   gen()  4482 MB/s
[   23.520663] raid6: sse2x2   xor()  3212 MB/s
[   23.732788] raid6: sse2x4   gen()  5129 MB/s
[   23.941005] raid6: sse2x4   xor()  3812 MB/s
[   24.006683] raid6: using algorithm sse2x4 gen() 5129 MB/s
[   24.028208] raid6: .... xor() 3812 MB/s, rmw enabled
[   24.033552] raid6: using ssse3x2 recovery algorithm
[   24.091600] xor: automatically using best checksumming function:
[   24.132609]    avx       :  8321.000 MB/sec
[   24.180815] async_tx: api initialized (async)
[   24.220198] md: raid6 personality registered for level 6
[   24.228912] md: raid5 personality registered for level 5
[   24.234439] md: raid4 personality registered for level 4
[   24.257779] md: raid10 personality registered for level 10
done.
Begin: Running /scripts/init-premount ... done.
Begin: Mounting root file system ... Begin: Running /scripts/l[   24.346089] Btrfs loaded
ocal-top ... done.
Begin: Running /scripts/local-premount ... Scanning for Btrfs filesystems
done.
Warning: fsck not present, so skipping root file[   24.593649] EXT4-fs (sda1): mounted filesystem with ordered data mode. Opts: (null)
 system
done.
Begin: Running /scripts/local-bottom ... done.
Begin: Running /scripts/init-bottom ... done.
[   25.703505] systemd[1]: systemd 229 running in system mode. (+PAM +AUDIT +SELINUX +IMA +APPARMOR +SMACK +SYSVINIT +UTMP +LIBCRYPTSETUP +GCRYPT +GNUTLS +ACL +XZ -LZ4 +SECCOMP +BLKID +ELFUTILS +KMOD -IDN)
[   25.952838] systemd[1]: Detected virtualization oracle.
[   25.957167] systemd[1]: Detected architecture x86-64.
[   25.969243] random: nonblocking pool is initialized

Welcome to [1mUbuntu 16.04.3 LTS[0m!

[   26.055483] systemd[1]: Set hostname to <ubuntu-xenial>.
[   27.451273] systemd[1]: Reached target User and Group Name Lookups.
[[0;32m  OK  [0m] Reached target User and Group Name Lookups.
[   27.613743] systemd[1]: Reached target Swap.
[[0;32m  OK  [0m] Reached target Swap.
[   27.753182] systemd[1]: Reached target Encrypted Volumes.
[[0;32m  OK  [0m] Reached target Encrypted Volumes.
[   27.858795] systemd[1]: Listening on LVM2 metadata daemon socket.
[[0;32m  OK  [0m] Listening on LVM2 metadata daemon socket.
[   27.867493] systemd[1]: Listening on Device-mapper event daemon FIFOs.
[[0;32m  OK  [0m] Listening on Device-mapper event daemon FIFOs.
[   27.922695] systemd[1]: Set up automount Arbitrary Executable File Formats File System Automount Point.
[[0;32m  OK  [0m] Set up automount Arbitrary Executab...ats File System Automount Point.
[   28.035437] systemd[1]: Listening on udev Kernel Socket.
[[0;32m  OK  [0m] Listening on udev Kernel Socket.
[   28.054184] systemd[1]: Listening on LVM2 poll daemon socket.
[[0;32m  OK  [0m] Listening on LVM2 poll daemon socket.
[   28.093657] systemd[1]: Listening on udev Control Socket.
[[0;32m  OK  [0m] Listening on udev Control Socket.
[   28.185538] systemd[1]: Listening on Journal Socket (/dev/log).
[[0;32m  OK  [0m] Listening on Journal Socket (/dev/log).
[   28.413481] systemd[1]: Listening on Journal Socket.
[[0;32m  OK  [0m] Listening on Journal Socket.
[   28.608839] systemd[1]: Listening on /dev/initctl Compatibility Named Pipe.
[[0;32m  OK  [0m] Listening on /dev/initctl Compatibility Named Pipe.
[   28.789823] systemd[1]: Created slice System Slice.
[[0;32m  OK  [0m] Created slice System Slice.
[   28.916355] systemd[1]: Starting Monitoring of LVM2 mirrors, snapshots etc. using dmeventd or progress polling...
         Starting Monitoring of LVM2 mirrors... dmeventd or progress polling...
[   29.116955] systemd[1]: Starting Set console keymap...
         Starting Set console keymap...
[   29.223266] systemd[1]: Starting Load Kernel Modules...
         Starting Load Kernel Modules...
[   29.274482] systemd[1]: Starting Nameserver information manager...
         Starting Nameserver information manager...
[   29.330286] systemd[1]: Mounting Huge Pages File System...
         Mounting Huge Pages File System.[   29.386071] Loading iSCSI transport class v2.0-870.
..
[   29.485071] systemd[1]: Listening on Journal Audit Socket.
[[0;32m  OK  [0m] Listening on Journal Audit Socket.
[   29.643110] systemd[1]: Created slice User and Session Slice.
[   29.687431] iscsi: registered transport (tcp)
[[0;32m  OK  [0m] Created slice User and Session Slice.
[   29.720945] systemd[1]: Reached target Slices.
[[0;32m  OK  [0m] Reached target Slices.
[   29.848939] systemd[1]: Started Forward Password Requests to Wall Directory Watch.
[[0;32m  OK  [0m] Started Forward Password Requests to Wall Directory Watch.
[   29.931239] iscsi: registered transport (iser)
[   29.940278] systemd[1]: Mounting Debug File System...
         Mounting Debug File System...
[   29.961270] systemd[1]: Listening on Syslog Socket.
[[0;32m  OK  [0m] Listening on Syslog Socket.
[   29.978265] systemd[1]: Starting Journal Service...
         Starting Journal Service...
[   29.995952] systemd[1]: Mounting POSIX Message Queue File System...
         Mounting POSIX Message Queue File System...
[   30.233454] systemd[1]: Started Trigger resolvconf update for networkd DNS.
[[0;32m  OK  [0m] Started Trigger resolvconf update for networkd DNS.
[   30.382465] systemd[1]: Starting Uncomplicated firewall...
         Starting Uncomplicated firewall...
[   30.443148] systemd[1]: Starting Create list of required static device nodes for the current kernel...
         Starting Create list of required st... nodes for the current kernel...
[   30.466317] systemd[1]: Starting Remount Root and Kernel File Systems...
         Starting Remount Root and Kernel File Systems...
[   30.519359] EXT4-fs (sda1): re-mounted. Opts: (null)
[   30.529559] systemd[1]: Created slice system-serial\x2dgetty.slice.
[[0;32m  OK  [0m] Created slice system-serial\x2dgetty.slice.
[   30.612817] systemd[1]: Mounted POSIX Message Queue File System.
[[0;32m  OK  [0m] Mounted POSIX Message Queue File System.
[   30.804462] systemd[1]: Mounted Debug File System.
[[0;32m  OK  [0m] Mounted Debug File System.
[   30.977394] systemd[1]: Mounted Huge Pages File System.
[[0;32m  OK  [0m] Mounted Huge Pages File System.
[   31.245946] systemd[1]: Started Journal Service.
[[0;32m  OK  [0m] Started Journal Service.
[[0;32m  OK  [0m] Started Set console keymap.
[[0;32m  OK  [0m] Started Load Kernel Modules.
[[0;32m  OK  [0m] Started Uncomplicated firewall.
[[0;32m  OK  [0m] Started Create list of required sta...ce nodes for the current kernel.
[[0;32m  OK  [0m] Started Remount Root and Kernel File Systems.
[[0;32m  OK  [0m] Started Nameserver information manager.
[[0;32m  OK  [0m] Started LVM2 metadata daemon.
         Starting udev Coldplug all Devices...
         Starting Load/Save Random Seed...
         Starting Initial cloud-init job (pre-networking)...
         Starting Create Static Device Nodes in /dev...
         Starting Apply Kernel Variables...
         Mounting FUSE Control File System...
         Starting Flush Journal to Persistent Storage...
[[0;32m  OK  [0m] Mounted FUSE Control File System.
[[0;32m  OK  [0m] Started Monitoring of LVM2 mirrors,...ng dmeventd or progress polling.
[[0;32m  OK  [0m] Started Load/Save Random Seed.
[[0;32m  OK  [0m] Started Create Static Device Nodes in /dev.
[[0;32m  OK  [0m] Started Apply Kernel Variables.
[[0;32m  OK  [0m] Started udev Coldplug all Devices.
         Starting udev Kernel Device Manager...
[[0;32m  OK  [0m] Started Flush Journal to Persistent Storage.
[[0;32m  OK  [0m] Started udev Kernel Device Manager.
[[0;32m  OK  [0m] Reached target Local File Systems (Pre).
[[0;32m  OK  [0m] Reached target Local File Systems.
         Starting Create Volatile Files and Directories...
         Starting Set console font and keymap...
         Starting Tell Plymouth To Write Out Runtime Data...
         Starting LSB: AppArmor initialization...
[[0;32m  OK  [0m] Started Dispatch Password Requests to Console Directory Watch.
[[0;32m  OK  [0m] Started Create Volatile Files and Directories.
[[0;32m  OK  [0m] Started Tell Plymouth To Write Out Runtime Data.
         Starting Update UTMP about System Boot/Shutdown...
[[0;32m  OK  [0m] Reached target System Time Synchronized.
[[0;32m  OK  [0m] Started Update UTMP about System Boot/Shutdown.
[[0;32m  OK  [0m] Found device /dev/ttyS0.
[[0;32m  OK  [0m] Found device 82540EM Gigabit Ethern...r (PRO/1000 MT Desktop Adapter).
[[0;32m  OK  [0m] Found device 82540EM Gigabit Ethern...r (PRO/1000 MT Desktop Adapter).
[[0;32m  OK  [0m] Started Set console font and keymap.
[[0;32m  OK  [0m] Created slice system-getty.slice.
[[0;32m  OK  [0m] Started LSB: AppArmor initialization.
[[0;32m  OK  [0m] Listening on Load/Save RF Kill Switch Status /dev/rfkill Watch.
[   30.086499] cloud-init[424]: Cloud-init v. 17.1 running 'init-local' at Sun, 18 Feb 2018 10:15:22 +0000. Up 28.85 seconds.
[[0;32m  OK  [0m] Started Initial cloud-init job (pre-networking).
[[0;32m  OK  [0m] Reached target Network (Pre).
[[0;32m  OK  [0m] Started ifup for enp0s8.
[[0;32m  OK  [0m] Started ifup for enp0s3.
         Starting Raise network interfaces...
[[0;32m  OK  [0m] Started Raise network interfaces.
[[0;32m  OK  [0m] Reached target Network.
         Starting Initial cloud-init job (metadata service crawler)...
[   32.981959] cloud-init[1047]: Cloud-init v. 17.1 running 'init' at Sun, 18 Feb 2018 10:15:25 +0000. Up 31.69 seconds.
[   33.120921] cloud-init[1047]: ci-info: ++++++++++++++++++++++++++++++++++++++Net device info++++++++++++++++++++++++++++++++++++++
[[0;32m  OK  [0m] Started Initial cloud-init job (metadata service crawler).
[   33.289046] cloud-init[1047]: ci-info: +--------+------+-----------------------------+---------------+-------+-------------------+
[   33.409255] cloud-init[1047]: ci-info: | Device |  Up  |           Address           |      Mask     | Scope |     Hw-Address    |
[[0;32m  OK  [0m] Reached target System Initialization.[   33.472613] cloud-init[1047]: ci-info: +--------+------+-----------------------------+---------------+-------+-------------------+
[   33.480317] cloud-init[1047]: ci-info: | enp0s3 | True |          10.0.2.15          | 255.255.255.0 |   .   | 02:db:14:78:b4:e6 |
[   33.480778] cloud-init[1047]: ci-info: | enp0s3 | True |  fe80::db:14ff:fe78:b4e6/64 |       .       |  link | 02:db:14:78:b4:e6 |
[   33.483371] cloud-init[1047]: ci-info: | enp0s8 | True |         192.168.56.2        | 255.255.255.0 |   .   | 08:00:27:ea:ad:7f |
[   33.483699] cloud-init[1047]: ci-info: | enp0s8 | True | fe80::a00:27ff:feea:ad7f/64 |       .       |  link | 08:00:27:ea:ad:7f |
[   33.484115] cloud-init[1047]: ci-info: |   lo   | True |          127.0.0.1          |   255.0.0.0   |   .   |         .         |

[[0;32m  OK  [0m] Started Daily Cleanup of Temporary Directories.
[   33.494928] cloud-init[1047]: ci-info: |   lo   | True |           ::1/128           |       .       |  host |         .         |
[   34.122981] cloud-init[1047]: ci-info: +--------+------+-----------------------------+---------------+-------+-------------------+
[   34.123272] cloud-init[1047]: ci-info: ++++++++++++++++++++++++++++Route IPv4 info++++++++++++++++++++++++++++
[   34.123545] cloud-init[1047]: ci-info: +-------+--------------+----------+---------------+-----------+-------+
[   34.123888] cloud-init[1047]: ci-info: | Route | Destination  | Gateway  |    Genmask    | Interface | Flags |
[   34.124162] cloud-init[1047]: ci-info: +-------+--------------+----------+---------------+-----------+-------+
[[0;32m  OK  [0m] Listening on D-Bus System Message Bus Socket.
[   34.124646] cloud-init[1047]: ci-info: |   0   |   0.0.0.0    | 10.0.2.2 |    0.0.0.0    |   enp0s3  |   UG  |
[[0;32m  OK  [0m] Listening on ACPID Listen Socket.
[   34.636001] cloud-init[1047]: ci-info: |   1   |   10.0.2.0   | 0.0.0.0  | 255.255.255.0 |   enp0s3  |   U   |
[   34.748949]          Starting Socket activation for snappy daemon.
cloud-init[1047]: ci-info: |   2   | 192.168.56.0 | 0.0.0.0  | 255.255.255.0 |   enp0s8  |   U   |
[   34.796770] cloud-init[1047]: ci-info: +-------+--------------+----------+---------------+-----------+-------+
         Starting LXD - unix socket.
[[0;32m  OK  [0m] Listening on UUID daemon activation socket.
[[0;32m  OK  [0m] Started ACPI Events Check.
[[0;32m  OK  [0m] Reached target Paths.
[[0;32m  OK  [0m] Started Timer to automatically refresh installed snaps.
[[0;32m  OK  [0m] Reached target Network is Online.
         Starting iSCSI initiator daemon (iscsid)...
[[0;32m  OK  [0m] Started Daily apt download activities.
[[0;32m  OK  [0m] Started Daily apt upgrade and clean activities.
[[0;32m  OK  [0m] Reached target Timers.
[[0;32m  OK  [0m] Reached target Cloud-config availability.
[[0;32m  OK  [0m] Listening on Socket activation for snappy daemon.
[[0;32m  OK  [0m] Listening on LXD - unix socket.
[[0;32m  OK  [0m] Reached target Sockets.
[[0;32m  OK  [0m] Reached target Basic System.
[[0;32m  OK  [0m] Started D-Bus System Message Bus.
         Starting Login Service...
[[0;32m  OK  [0m] Started Unattended Upgrades Shutdown.
         Starting System Logging Service...
[[0;32m  OK  [0m] Started ACPI event daemon.
         Starting LXD - container startup/shutdown...
[[0;32m  OK  [0m] Started High-performance, schema-free document-oriented database.
         Starting LSB: Record successful boot for GRUB...
         Starting Accounts Service...
         Starting OpenBSD Secure Shell server...
         Starting Snappy daemon...
[[0;32m  OK  [0m] Started Regular background program processing daemon.
[[0;32m  OK  [0m] Started Deferred execution scheduler.
         Starting /etc/rc.local Compatibility...
         Starting LSB: MD monitoring daemon...
[[0;32m  OK  [0m] Started FUSE filesystem for LXC.
         Starting Apply the settings specified in cloud-config...
[[0;32m  OK  [0m] Started System Logging Service.
[[0;32m  OK  [0m] Started iSCSI initiator daemon (iscsid).
[[0;32m  OK  [0m] Started /etc/rc.local Compatibility.
         Starting Login to default iSCSI targets...
[[0;32m  OK  [0m] Started Login Service.
[[0;32m  OK  [0m] Started LSB: Record successful boot for GRUB.
[[0;32m  OK  [0m] Started Login to default iSCSI targets.
[[0;32m  OK  [0m] Reached target Remote File Systems (Pre).
[[0;32m  OK  [0m] Reached target Remote File Systems.
         Starting LSB: VirtualBox Linux Additions...
         Starting LSB: automatic crash report generation...
         Starting LSB: Set the CPU Frequency Scaling governor to "ondemand"...
         Starting LSB: daemon to balance interrupts for SMP systems...
         Starting Permit User Sessions...
[[0;32m  OK  [0m] Started LSB: MD monitoring daemon.
[[0;32m  OK  [0m] Started Permit User Sessions.
         Starting Terminate Plymouth Boot Screen...
         Starting Hold until boot process finishes up...
[[0;32m  OK  [0m] Started OpenBSD Secure Shell server.
[[0;32m  OK  [0m] Started LSB: Set the CPU Frequency Scaling governor to "ondemand".
[[0;32m  OK  [0m] Started Terminate Plymouth Boot Screen.
[[0;32m  OK  [0m] Started Hold until boot process finishes up.
[[0;322  OK  [0m] Started LSB: daemon to balance interrupts for SMP systems.
         Starting Authenticate and Authorize Users to Run Privileged Tasks...
[[0;32m  OK  [0m] Started Serial Getty on ttyS0.
[[0;32m  OK  [0m] Started Getty on tty1.
[[0;32m  OK  [0m] Reached target Login Prompts.
         Starting Set console scheme...
[[0;32m  OK  [0m] Started LSB: automatic crash report generation.
[[0;32m  OK  [0m] Started Set console scheme.
[[0;32m  OK  [0m] Started Authenticate and Authorize Users to Run Privileged Tasks.
[[0;32m  OK  [0m] Started Accounts Service.
[[0;32m  OK  [0m] Started LSB: VirtualBox Linux Additions.
[   40.698043] cloud-init[1156]: Cloud-init v. 17.1 running 'modules:config' at Sun, 18 Feb 2018 10:15:33 +0000. Up 39.70 seconds.
[[0;32m  OK  [0m] Started Apply the settings specified in cloud-config.
[[0;32m  OK  [0m] Started Snappy daemon.
[[0;32m  OK  [0m] Started LXD - container startup/shutdown.
[[0;32m  OK  [0m] Reached target Multi-User System.
[[0;32m  OK  [0m] Reached target Graphical Interface.
         Starting Update UTMP about System Runlevel Changes...
         Starting Execute cloud user/final scripts...
[[0;32m  OK  [0m] Started Update UTMP about System Runlevel Changes.
[   43.869493] cloud-init[1301]: Cloud-init v. 17.1 running 'modules:final' at Sun, 18 Feb 2018 10:15:36 +0000. Up 43.06 seconds.
[   43.895729] cloud-init[1301]: Cloud-init v. 17.1 finished at Sun, 18 Feb 2018 10:15:37 +0000. Datasource DataSourceNoCloud [seed=/dev/sdb][dsmode=net].  Up 43.83 seconds
[[0;32m  OK  [0m] Started Execute cloud user/final scripts.
[[0;32m  OK  [0m] Reached target Cloud-init target.

Ubuntu 16.04.3 LTS ubuntu-xenial ttyS0

ubuntu-xenial login: 